Arguments: 
  C:\Program Files\nodejs\node.exe C:\Program Files\nodejs\node_modules\yarn\bin\yarn.js stop

PATH: 
  C:\ProgramData\Oracle\Java\javapath;C:\Windows\system32;C:\Windows;C:\Windows\System32\Wbem;C:\Windows\System32\WindowsPowerShell\v1.0\;C:\Windows\System32\OpenSSH\;C:\Program Files (x86)\ATI Technologies\ATI.ACE\Core-Static;C:\Program Files\Git\cmd;C:\xampp\php;C:\ProgramData\ComposerSetup\bin;C:\Users\Nasyith\AppData\Roaming\nvm;C:\Program Files\nodejs;C:\Users\Nasyith\AppData\Local\Microsoft\WindowsApps;C:\Users\Nasyith\AppData\Local\Programs\Microsoft VS Code\bin;C:\Users\Nasyith\AppData\Roaming\Composer\vendor\bin;C:\Users\Nasyith\AppData\Roaming\nvm;C:\Program Files\nodejs;C:\Users\Nasyith\AppData\Local\Microsoft\WinGet\Packages\Gyan.FFmpeg_Microsoft.Winget.Source_8wekyb3d8bbwe;

Yarn version: 
  1.22.19

Node version: 
  18.15.0

Platform: 
  win32 x64

Trace: 
  SyntaxError: D:\dicoding\job-match\backend\package.json: Unexpected string in JSON at position 296
      at JSON.parse (<anonymous>)
      at C:\Users\Nasyith\AppData\Roaming\nvm\v18.15.0\node_modules\yarn\lib\cli.js:1629:59
      at Generator.next (<anonymous>)
      at step (C:\Users\Nasyith\AppData\Roaming\nvm\v18.15.0\node_modules\yarn\lib\cli.js:310:30)
      at C:\Users\Nasyith\AppData\Roaming\nvm\v18.15.0\node_modules\yarn\lib\cli.js:321:13

npm manifest: 
  {
      "name": "job-match-backend",
      "version": "1.0.0",
      "description": "",
      "type": "module",
      "main": "index.js",
      "scripts": {
          "test": "echo \"Error: no test specified\" && exit 1",
          "start": "pm2 start index.js --watch",
          "stop": "pm2 delete all"
          "start-nodemon": "nodemon index.js"
      },
      "keywords": [],
      "author": "",
      "license": "ISC",
      "dependencies": {
          "argon2": "^0.30.3",
          "connect-session-sequelize": "^7.1.7",
          "cors": "^2.8.5",
          "dotenv": "^16.1.4",
          "express": "^4.18.1",
          "express-fileupload": "^1.3.1",
          "express-session": "^1.17.3",
          "mysql2": "^2.3.3",
          "nodemon": "^2.0.22",
          "pm2": "^5.3.0",
          "sequelize": "^6.19.1"
      }
  }

yarn manifest: 
  No manifest

Lockfile: 
  No lockfile
